Array
(
    [crypto] => bitcoin
    [price] => 87927
)
Array
(
    [crypto] => theta-token
    [price] => 0.973448
)
Array
(
    [crypto] => injective-protocol
    [price] => 10.6
    [date] => 2025-12-12 00:00:00
)
Array
(
    [crypto] => quant-network
    [price] => 78.95
    [date] => 2025-12-12 00:00:00
)
Array
(
    [crypto] => theta-token
    [price] => 0.977177
    [date] => 2025-12-12 00:00:00
)
Array
(
    [crypto] => injective-protocol
    [price] => 10.59
    [date] => 2025-12-12 00:00:00
)
Array
(
    [crypto] => bitcoin
    [price] => 88099
    [date] => 2025-12-12 00:00:00
)
Array
(
    [crypto] => bitcoin
    [price] => 88166
    [date] => 2025-12-12 00:00:00
)
Array
(
    [crypto] => bitcoin
    [price] => 88306
    [date] => 2025-12-12 00:00:00
)
Array
(
    [crypto] => bitcoin
    [price] => 88306
    [date] => 2025-12-12 00:00:00
)
Array
(
    [crypto] => bitcoin
    [price] => 88407
    [date] => 2025-12-12 00:00:00
)
Array
(
    [crypto] => bitcoin
    [price] => 88354
    [date] => 2025-12-12 00:00:00
)
Array
(
    [crypto] => bitcoin
    [price] => 88354
    [date] => 2025-12-12 00:00:00
)
